-------------------------------------------------------------------------------
Test set: com.example.BinaryTreeTest
-------------------------------------------------------------------------------
Tests run: 11, Failures: 0, Errors: 7, Skipped: 0, Time elapsed: 0.138 s <<< FAILURE! -- in com.example.BinaryTreeTest
com.example.BinaryTreeTest.calculateNodeLevel -- Time elapsed: 0.056 s <<< ERROR!
java.lang.UnsupportedOperationException: Unimplemented method 'calculateNodeLevel'
	at com.example.BinaryTree.calculateNodeLevel(BinaryTree.java:275)
	at com.example.BinaryTreeTest.calculateNodeLevel(BinaryTreeTest.java:154)
	at java.base/java.lang.reflect.Method.invoke(Method.java:565)
	at java.base/java.util.ArrayList.forEach(ArrayList.java:1604)
	at java.base/java.util.ArrayList.forEach(ArrayList.java:1604)

com.example.BinaryTreeTest.calculateTreeDepths -- Time elapsed: 0.003 s <<< ERROR!
java.lang.UnsupportedOperationException: Unimplemented method 'calculateTreeDepth'
	at com.example.BinaryTree.calculateTreeDepth(BinaryTree.java:269)
	at com.example.BinaryTreeTest.calculateTreeDepths(BinaryTreeTest.java:144)
	at java.base/java.lang.reflect.Method.invoke(Method.java:565)
	at java.base/java.util.ArrayList.forEach(ArrayList.java:1604)
	at java.base/java.util.ArrayList.forEach(ArrayList.java:1604)

com.example.BinaryTreeTest.getAnElement -- Time elapsed: 0.005 s <<< ERROR!
java.lang.UnsupportedOperationException: Unimplemented method 'getByElement'
	at com.example.BinaryTree.getByElement(BinaryTree.java:263)
	at com.example.BinaryTreeTest.getAnElement(BinaryTreeTest.java:84)
	at java.base/java.lang.reflect.Method.invoke(Method.java:565)
	at java.base/java.util.ArrayList.forEach(ArrayList.java:1604)
	at java.base/java.util.ArrayList.forEach(ArrayList.java:1604)

com.example.BinaryTreeTest.dontFindRequiredElement -- Time elapsed: 0.002 s <<< ERROR!
java.lang.UnsupportedOperationException: Unimplemented method 'getByElement'
	at com.example.BinaryTree.getByElement(BinaryTree.java:263)
	at com.example.BinaryTreeTest.dontFindRequiredElement(BinaryTreeTest.java:96)
	at java.base/java.lang.reflect.Method.invoke(Method.java:565)
	at java.base/java.util.ArrayList.forEach(ArrayList.java:1604)
	at java.base/java.util.ArrayList.forEach(ArrayList.java:1604)

com.example.BinaryTreeTest.getFather -- Time elapsed: 0.003 s <<< ERROR!
java.lang.UnsupportedOperationException: Unimplemented method 'getFather'
	at com.example.BinaryTree.getFather(BinaryTree.java:251)
	at com.example.BinaryTreeTest.getFather(BinaryTreeTest.java:121)
	at java.base/java.lang.reflect.Method.invoke(Method.java:565)
	at java.base/java.util.ArrayList.forEach(ArrayList.java:1604)
	at java.base/java.util.ArrayList.forEach(ArrayList.java:1604)

com.example.BinaryTreeTest.checkIfTheTreeIsComplete -- Time elapsed: 0.002 s <<< ERROR!
java.lang.UnsupportedOperationException: Unimplemented method 'isComplete'
	at com.example.BinaryTree.isComplete(BinaryTree.java:311)
	at com.example.BinaryTreeTest.checkIfTheTreeIsComplete(BinaryTreeTest.java:166)
	at java.base/java.lang.reflect.Method.invoke(Method.java:565)
	at java.base/java.util.ArrayList.forEach(ArrayList.java:1604)
	at java.base/java.util.ArrayList.forEach(ArrayList.java:1604)

com.example.BinaryTreeTest.getBrother -- Time elapsed: 0.004 s <<< ERROR!
java.lang.UnsupportedOperationException: Unimplemented method 'getBrother'
	at com.example.BinaryTree.getBrother(BinaryTree.java:257)
	at com.example.BinaryTreeTest.getBrother(BinaryTreeTest.java:133)
	at java.base/java.lang.reflect.Method.invoke(Method.java:565)
	at java.base/java.util.ArrayList.forEach(ArrayList.java:1604)
	at java.base/java.util.ArrayList.forEach(ArrayList.java:1604)

